2019-04-28 13:21:41,607  INFO [main] TestUtility:36 - Browser Launched Successfully
2019-04-28 13:21:53,422  INFO [main] ContactsPage:50 - Verified Contacts Page Label
2019-04-28 13:21:54,253  INFO [main] ContactsPage:91 - Browser Terminated
2019-04-28 13:22:08,244  INFO [main] WebEventListener:33 - Browser Launched Successfully
2019-04-28 13:22:19,415  INFO [main] HomePage:51 - Home Page Title Verified
2019-04-28 13:22:20,139  INFO [main] HomePage:82 - Browser Terminated
2019-04-28 13:22:32,431  INFO [main] WebEventListener:26 - Browser Launched Successfully
2019-04-28 13:22:32,448  INFO [main] LoginPage:36 - Login Page Title Verified
2019-04-28 13:22:33,085  INFO [main] LoginPage:58 - Browser Terminated
2019-04-28 13:22:45,399  INFO [main] TestUtility:36 - Browser Launched Successfully
2019-04-28 13:22:54,861  INFO [main] ContactsPage:58 - Verified Single Contacts
2019-04-28 13:22:55,524  INFO [main] ContactsPage:91 - Browser Terminated
2019-04-28 13:23:11,700  INFO [main] WebEventListener:33 - Browser Launched Successfully
2019-04-28 13:23:21,953  INFO [main] HomePage:59 - UserName Verified
2019-04-28 13:23:22,885  INFO [main] HomePage:82 - Browser Terminated
2019-04-28 13:23:36,732  INFO [main] WebEventListener:26 - Browser Launched Successfully
2019-04-28 13:23:36,785  INFO [main] LoginPage:44 - CRM Log Verified
2019-04-28 13:23:37,596  INFO [main] LoginPage:58 - Browser Terminated
2019-04-28 13:23:53,447  INFO [main] TestUtility:36 - Browser Launched Successfully
2019-04-28 13:24:05,875  INFO [main] ContactsPage:66 - Verified Multiple Contacts
2019-04-28 13:24:06,531  INFO [main] ContactsPage:91 - Browser Terminated
2019-04-28 13:24:17,909  INFO [main] WebEventListener:33 - Browser Launched Successfully
2019-04-28 13:24:30,517  INFO [main] ContactsPage:67 - Switched into Frame and Clicked on Contacts Link
2019-04-28 13:24:31,260  INFO [main] ContactsPage:82 - Browser Terminated
2019-04-28 13:24:43,309  INFO [main] WebEventListener:26 - Browser Launched Successfully
2019-04-28 13:24:50,464  INFO [main] HomePage:51 - Successfully Logged into CRM Application
2019-04-28 13:24:51,132  INFO [main] HomePage:58 - Browser Terminated
2019-04-28 13:25:07,805  INFO [main] TestUtility:36 - Browser Launched Successfully
2019-04-28 13:25:33,751  INFO [main] ContactsPage:84 - New Contacts Created Successfully
2019-04-28 13:25:34,607  INFO [main] ContactsPage:91 - Browser Terminated
2019-04-28 13:25:47,572  INFO [main] TestUtility:36 - Browser Launched Successfully
2019-04-28 13:26:05,459  INFO [main] ContactsPage:84 - New Contacts Created Successfully
2019-04-28 13:26:06,248  INFO [main] ContactsPage:91 - Browser Terminated
2019-04-28 13:26:18,199  INFO [main] TestUtility:36 - Browser Launched Successfully
2019-04-28 13:26:37,607  INFO [main] ContactsPage:84 - New Contacts Created Successfully
2019-04-28 13:26:38,346  INFO [main] ContactsPage:91 - Browser Terminated
2019-04-28 13:26:51,511  INFO [main] WebEventListener:33 - Browser Launched Successfully
2019-04-28 13:27:02,152  INFO [main] DealsPage:75 - Switched into Frame and Clicked on Deals Link
2019-04-28 13:27:03,034  INFO [main] DealsPage:82 - Browser Terminated
